Determining if the pthread_create exist failed with the following output:
Change Dir: /home/dyx/g2o_demo/demo/build/CMakeFiles/CMakeTmp

Run Build Command:"/usr/bin/make" "cmTC_27abe/fast"
/usr/bin/make -f CMakeFiles/cmTC_27abe.dir/build.make CMakeFiles/cmTC_27abe.dir/build
make[1]: Entering directory '/home/dyx/g2o_demo/demo/build/CMakeFiles/CMakeTmp'
Building C object CMakeFiles/cmTC_27abe.dir/CheckSymbolExists.c.o
/usr/bin/gcc    -fPIC    -o CMakeFiles/cmTC_27abe.dir/CheckSymbolExists.c.o   -c /home/dyx/g2o_demo/demo/build/CMakeFiles/CMakeTmp/CheckSymbolExists.c
Linking C executable cmTC_27abe
/usr/bin/cmake -E cmake_link_script CMakeFiles/cmTC_27abe.dir/link.txt --verbose=1
/usr/bin/gcc  -fPIC     CMakeFiles/cmTC_27abe.dir/CheckSymbolExists.c.o  -o cmTC_27abe -rdynamic 
CMakeFiles/cmTC_27abe.dir/CheckSymbolExists.c.o：在函数‘main’中：
CheckSymbolExists.c:(.text+0x1b)：对‘pthread_create’未定义的引用
collect2: error: ld returned 1 exit status
CMakeFiles/cmTC_27abe.dir/build.make:97: recipe for target 'cmTC_27abe' failed
make[1]: *** [cmTC_27abe] Error 1
make[1]: Leaving directory '/home/dyx/g2o_demo/demo/build/CMakeFiles/CMakeTmp'
Makefile:126: recipe for target 'cmTC_27abe/fast' failed
make: *** [cmTC_27abe/fast] Error 2

File /home/dyx/g2o_demo/demo/build/CMakeFiles/CMakeTmp/CheckSymbolExists.c:
/* */
#include <pthread.h>

int main(int argc, char** argv)
{
  (void)argv;
#ifndef pthread_create
  return ((int*)(&pthread_create))[argc];
#else
  (void)argc;
  return 0;
#endif
}

Determining if the function pthread_create exists in the pthreads failed with the following output:
Change Dir: /home/dyx/g2o_demo/demo/build/CMakeFiles/CMakeTmp

Run Build Command:"/usr/bin/make" "cmTC_28d1b/fast"
/usr/bin/make -f CMakeFiles/cmTC_28d1b.dir/build.make CMakeFiles/cmTC_28d1b.dir/build
make[1]: Entering directory '/home/dyx/g2o_demo/demo/build/CMakeFiles/CMakeTmp'
Building C object CMakeFiles/cmTC_28d1b.dir/CheckFunctionExists.c.o
/usr/bin/gcc    -fPIC -DCHECK_FUNCTION_EXISTS=pthread_create   -o CMakeFiles/cmTC_28d1b.dir/CheckFunctionExists.c.o   -c /usr/share/cmake-3.5/Modules/CheckFunctionExists.c
Linking C executable cmTC_28d1b
/usr/bin/cmake -E cmake_link_script CMakeFiles/cmTC_28d1b.dir/link.txt --verbose=1
/usr/bin/gcc  -fPIC -DCHECK_FUNCTION_EXISTS=pthread_create    CMakeFiles/cmTC_28d1b.dir/CheckFunctionExists.c.o  -o cmTC_28d1b -rdynamic -lpthreads 
/usr/bin/ld: 找不到 -lpthreads
collect2: error: ld returned 1 exit status
CMakeFiles/cmTC_28d1b.dir/build.make:97: recipe for target 'cmTC_28d1b' failed
make[1]: *** [cmTC_28d1b] Error 1
make[1]: Leaving directory '/home/dyx/g2o_demo/demo/build/CMakeFiles/CMakeTmp'
Makefile:126: recipe for target 'cmTC_28d1b/fast' failed
make: *** [cmTC_28d1b/fast] Error 2


